<?xml version="1.0" encoding="UTF-8"?>
<!-- Generated by org.testng.reporters.JUnitXMLReporter -->
<testsuite ignored="0" hostname="LIN19001909" failures="0" tests="4" name="BankingApp Test" time="161.672" errors="0" timestamp="30 Jul 2020 05:31:04 GMT">
  <testcase classname="com.gtplbankV1.automation.Tests.AddNewCustomerTest" name="TC_002_addNewCustomerFunctionTest" time="36.703"/>
  <testcase classname="com.gtplbankV1.automation.Tests.AddNewCustomerTest" name="TC_002_addNewCustomerFunctionTest" time="24.078"/>
  <testcase classname="com.gtplbankV1.automation.Tests.AddNewCustomerTest" name="TC_002_addNewCustomerFunctionTest" time="25.072"/>
  <testcase classname="com.gtplbankV1.automation.Tests.AddNewCustomerTest" name="TC_002_addNewCustomerFunctionTest" time="26.25"/>
</testsuite> <!-- BankingApp Test -->
