<?xml version="1.0" encoding="UTF-8"?>
<testsuite name="TestSuite" time="36.752" tests="4" errors="0" skipped="0" failures="0">
  <properties>
[...]
</properties>
  <testcase name="TC_002_addNewCustomerFunctionTest" classname="com.gtplbankV1.automation.Tests.AddNewCustomerTest" time="36.752"/>
  <testcase name="TC_002_addNewCustomerFunctionTest" classname="com.gtplbankV1.automation.Tests.AddNewCustomerTest" time="24.072"/>
  <testcase name="TC_002_addNewCustomerFunctionTest" classname="com.gtplbankV1.automation.Tests.AddNewCustomerTest" time="25.07"/>
  <testcase name="TC_002_addNewCustomerFunctionTest" classname="com.gtplbankV1.automation.Tests.AddNewCustomerTest" time="26.251"/>
</testsuite>