<?xml version="1.0" encoding="UTF-8"?>
<testng-results ignored="0" total="4" passed="4" failed="0" skipped="0">
  <reporter-output>
  </reporter-output>
  <suite started-at="2020-07-30T05:28:22Z" name="GTPLBank" finished-at="2020-07-30T05:31:03Z" duration-ms="161672">
    <groups>
    </groups>
    <test started-at="2020-07-30T05:28:22Z" name="BankingApp Test" finished-at="2020-07-30T05:31:03Z" duration-ms="161672">
      <class name="com.gtplbankV1.automation.Tests.AddNewCustomerTest">
        <test-method is-config="true" signature="setUp()[pri:0, instance:com.gtplbankV1.automation.Tests.AddNewCustomerTest@5204062d]" started-at="2020-07-30T05:28:23Z" name="setUp" finished-at="2020-07-30T05:29:07Z" duration-ms="44879" status="PASS">
          <reporter-output>
          </reporter-output>
        </test-method> <!-- setUp -->
        <test-method signature="TC_002_addNewCustomerFunctionTest(java.lang.String, java.lang.String, java.lang.String, java.lang.String, java.lang.String, java.lang.String, java.lang.String, java.lang.String, java.lang.String, java.lang.String, java.lang.String)[pri:0, instance:com.gtplbankV1.automation.Tests.AddNewCustomerTest@5204062d]" started-at="2020-07-30T05:29:10Z" name="TC_002_addNewCustomerFunctionTest" data-provider="getNewCustomerData" finished-at="2020-07-30T05:29:47Z" duration-ms="36703" status="PASS">
          <params>
            <param index="0">
              <value>
                <![CDATA[Mike]]>
              </value>
            </param>
            <param index="1">
              <value>
                <![CDATA[Male]]>
              </value>
            </param>
            <param index="2">
              <value>
                <![CDATA[20]]>
              </value>
            </param>
            <param index="3">
              <value>
                <![CDATA[50]]>
              </value>
            </param>
            <param index="4">
              <value>
                <![CDATA[1992]]>
              </value>
            </param>
            <param index="5">
              <value>
                <![CDATA[Okhlahoma]]>
              </value>
            </param>
            <param index="6">
              <value>
                <![CDATA[ohio]]>
              </value>
            </param>
            <param index="7">
              <value>
                <![CDATA[US]]>
              </value>
            </param>
            <param index="8">
              <value>
                <![CDATA[123099]]>
              </value>
            </param>
            <param index="9">
              <value>
                <![CDATA[1227899]]>
              </value>
            </param>
            <param index="10">
              <value>
                <![CDATA[abbcw221ssse2@hotmail.com]]>
              </value>
            </param>
          </params>
          <reporter-output>
          </reporter-output>
        </test-method> <!-- TC_002_addNewCustomerFunctionTest -->
        <test-method signature="TC_002_addNewCustomerFunctionTest(java.lang.String, java.lang.String, java.lang.String, java.lang.String, java.lang.String, java.lang.String, java.lang.String, java.lang.String, java.lang.String, java.lang.String, java.lang.String)[pri:0, instance:com.gtplbankV1.automation.Tests.AddNewCustomerTest@5204062d]" started-at="2020-07-30T05:29:47Z" name="TC_002_addNewCustomerFunctionTest" data-provider="getNewCustomerData" finished-at="2020-07-30T05:30:11Z" duration-ms="24078" status="PASS">
          <params>
            <param index="0">
              <value>
                <![CDATA[Johnnaa]]>
              </value>
            </param>
            <param index="1">
              <value>
                <![CDATA[Female]]>
              </value>
            </param>
            <param index="2">
              <value>
                <![CDATA[20]]>
              </value>
            </param>
            <param index="3">
              <value>
                <![CDATA[50]]>
              </value>
            </param>
            <param index="4">
              <value>
                <![CDATA[1992]]>
              </value>
            </param>
            <param index="5">
              <value>
                <![CDATA[Okhlahoma]]>
              </value>
            </param>
            <param index="6">
              <value>
                <![CDATA[ohio]]>
              </value>
            </param>
            <param index="7">
              <value>
                <![CDATA[US]]>
              </value>
            </param>
            <param index="8">
              <value>
                <![CDATA[123099]]>
              </value>
            </param>
            <param index="9">
              <value>
                <![CDATA[1227899]]>
              </value>
            </param>
            <param index="10">
              <value>
                <![CDATA[abbcsddw66@hotmail.com]]>
              </value>
            </param>
          </params>
          <reporter-output>
          </reporter-output>
        </test-method> <!-- TC_002_addNewCustomerFunctionTest -->
        <test-method signature="TC_002_addNewCustomerFunctionTest(java.lang.String, java.lang.String, java.lang.String, java.lang.String, java.lang.String, java.lang.String, java.lang.String, java.lang.String, java.lang.String, java.lang.String, java.lang.String)[pri:0, instance:com.gtplbankV1.automation.Tests.AddNewCustomerTest@5204062d]" started-at="2020-07-30T05:30:11Z" name="TC_002_addNewCustomerFunctionTest" data-provider="getNewCustomerData" finished-at="2020-07-30T05:30:36Z" duration-ms="25072" status="PASS">
          <params>
            <param index="0">
              <value>
                <![CDATA[Martin]]>
              </value>
            </param>
            <param index="1">
              <value>
                <![CDATA[Male]]>
              </value>
            </param>
            <param index="2">
              <value>
                <![CDATA[20]]>
              </value>
            </param>
            <param index="3">
              <value>
                <![CDATA[50]]>
              </value>
            </param>
            <param index="4">
              <value>
                <![CDATA[1992]]>
              </value>
            </param>
            <param index="5">
              <value>
                <![CDATA[Okhlahoma]]>
              </value>
            </param>
            <param index="6">
              <value>
                <![CDATA[ohio]]>
              </value>
            </param>
            <param index="7">
              <value>
                <![CDATA[US]]>
              </value>
            </param>
            <param index="8">
              <value>
                <![CDATA[123099]]>
              </value>
            </param>
            <param index="9">
              <value>
                <![CDATA[1227899]]>
              </value>
            </param>
            <param index="10">
              <value>
                <![CDATA[abb44c@hotmail.com]]>
              </value>
            </param>
          </params>
          <reporter-output>
          </reporter-output>
        </test-method> <!-- TC_002_addNewCustomerFunctionTest -->
        <test-method signature="TC_002_addNewCustomerFunctionTest(java.lang.String, java.lang.String, java.lang.String, java.lang.String, java.lang.String, java.lang.String, java.lang.String, java.lang.String, java.lang.String, java.lang.String, java.lang.String)[pri:0, instance:com.gtplbankV1.automation.Tests.AddNewCustomerTest@5204062d]" started-at="2020-07-30T05:30:36Z" name="TC_002_addNewCustomerFunctionTest" data-provider="getNewCustomerData" finished-at="2020-07-30T05:31:02Z" duration-ms="26250" status="PASS">
          <params>
            <param index="0">
              <value>
                <![CDATA[Cloney]]>
              </value>
            </param>
            <param index="1">
              <value>
                <![CDATA[Female]]>
              </value>
            </param>
            <param index="2">
              <value>
                <![CDATA[20]]>
              </value>
            </param>
            <param index="3">
              <value>
                <![CDATA[50]]>
              </value>
            </param>
            <param index="4">
              <value>
                <![CDATA[1992]]>
              </value>
            </param>
            <param index="5">
              <value>
                <![CDATA[Okhlahoma]]>
              </value>
            </param>
            <param index="6">
              <value>
                <![CDATA[ohio]]>
              </value>
            </param>
            <param index="7">
              <value>
                <![CDATA[US]]>
              </value>
            </param>
            <param index="8">
              <value>
                <![CDATA[123099]]>
              </value>
            </param>
            <param index="9">
              <value>
                <![CDATA[1227899]]>
              </value>
            </param>
            <param index="10">
              <value>
                <![CDATA[abbcwee333@hotmail.com]]>
              </value>
            </param>
          </params>
          <reporter-output>
          </reporter-output>
        </test-method> <!-- TC_002_addNewCustomerFunctionTest -->
        <test-method is-config="true" signature="tearDown()[pri:0, instance:com.gtplbankV1.automation.Tests.AddNewCustomerTest@5204062d]" started-at="2020-07-30T05:31:02Z" name="tearDown" finished-at="2020-07-30T05:31:03Z" duration-ms="1398" status="PASS">
          <reporter-output>
          </reporter-output>
        </test-method> <!-- tearDown -->
      </class> <!-- com.gtplbankV1.automation.Tests.AddNewCustomerTest -->
    </test> <!-- BankingApp Test -->
  </suite> <!-- GTPLBank -->
</testng-results>
